# JRE version: OpenJDK Runtime Environment Temurin-21.0.10+7 (21.0.10+7) (build 21.0.10+7-LTS)
# Java VM: OpenJDK 64-Bit Server VM Temurin-21.0.10+7 (21.0.10+7-LTS, mixed mode, sharing, tiered, compressed oops, compressed class ptrs, parallel gc, windows-amd64)
GC Precious Log:
 CardTable entry size: 512
 CPUs: 4 total, 4 available
 Memory: 6023M
 Large Page Support: Disabled
 NUMA Support: Disabled
 Compressed Oops: Enabled (32-bit)
 Alignments: Space 512K, Generation 512K, Heap 2M
 Heap Min Capacity: 100M
 Heap Initial Capacity: 100M
 Heap Max Capacity: 2G
 Pre-touch: Disabled
 Parallel Workers: 4
Heap:
 PSYoungGen      total 5120K, used 1269K [0x00000000d5580000, 0x00000000d5d80000, 0x0000000100000000)
  eden space 3584K, 29% used [0x00000000d5580000,0x00000000d5685468,0x00000000d5900000)
  from space 1536K, 14% used [0x00000000d5a80000,0x00000000d5ab8020,0x00000000d5c00000)
  to   space 512K, 0% used [0x00000000d5d00000,0x00000000d5d00000,0x00000000d5d80000)
 ParOldGen       total 851968K, used 851671K [0x0000000080000000, 0x00000000b4000000, 0x00000000d5580000)
  object space 851968K, 99% used [0x0000000080000000,0x00000000b3fb5fa8,0x00000000b4000000)
 Metaspace       used 74002K, committed 75584K, reserved 1179648K
  class space    used 7681K, committed 8384K, reserved 1048576K
GC Heap History (20 events):
Event: 30008.822 GC heap before
{Heap before GC invocations=1337 (full 3):
 PSYoungGen      total 7680K, used 5536K [0x00000000d5580000, 0x00000000d6100000, 0x0000000100000000)
  eden space 5120K, 100% used [0x00000000d5580000,0x00000000d5a80000,0x00000000d5a80000)
  from space 2560K, 16% used [0x00000000d5c00000,0x00000000d5c68000,0x00000000d5e80000)
  to   space 1024K, 0% used [0x00000000d6000000,0x00000000d6000000,0x00000000d6100000)
 ParOldGen       total 842752K, used 842542K [0x0000000080000000, 0x00000000b3700000, 0x00000000d5580000)
  object space 842752K, 99% used [0x0000000080000000,0x00000000b36cb8d0,0x00000000b3700000)
 Metaspace       used 73097K, committed 74624K, reserved 1179648K
  class space    used 7668K, committed 8320K, reserved 1048576K
}
Event: 30008.826 GC heap after
{Heap after GC invocations=1337 (full 3):
 PSYoungGen      total 5632K, used 384K [0x00000000d5580000, 0x00000000d6080000, 0x0000000100000000)
  eden space 5120K, 0% used [0x00000000d5580000,0x00000000d5580000,0x00000000d5a80000)
  from space 512K, 75% used [0x00000000d6000000,0x00000000d6060000,0x00000000d6080000)
  to   space 512K, 0% used [0x00000000d5f80000,0x00000000d5f80000,0x00000000d6000000)
 ParOldGen       total 843264K, used 842902K [0x0000000080000000, 0x00000000b3780000, 0x00000000d5580000)
  object space 843264K, 99% used [0x0000000080000000,0x00000000b3725930,0x00000000b3780000)
 Metaspace       used 73097K, committed 74624K, reserved 1179648K
  class space    used 7668K, committed 8320K, reserved 1048576K
}
Event: 30009.036 GC heap before
{Heap before GC invocations=1338 (full 3):
 PSYoungGen      total 5632K, used 5504K [0x00000000d5580000, 0x00000000d6080000, 0x0000000100000000)
  eden space 5120K, 100% used [0x00000000d5580000,0x00000000d5a80000,0x00000000d5a80000)
  from space 512K, 75% used [0x00000000d6000000,0x00000000d6060000,0x00000000d6080000)
  to   space 512K, 0% used [0x00000000d5f80000,0x00000000d5f80000,0x00000000d6000000)
 ParOldGen       total 843264K, used 842902K [0x0000000080000000, 0x00000000b3780000, 0x00000000d5580000)
  object space 843264K, 99% used [0x0000000080000000,0x00000000b3725930,0x00000000b3780000)
 Metaspace       used 73126K, committed 74752K, reserved 1179648K
  class space    used 7669K, committed 8384K, reserved 1048576K
}
Event: 30009.048 GC heap after
{Heap after GC invocations=1338 (full 3):
 PSYoungGen      total 5632K, used 480K [0x00000000d5580000, 0x00000000d6080000, 0x0000000100000000)
  eden space 5120K, 0% used [0x00000000d5580000,0x00000000d5580000,0x00000000d5a80000)
  from space 512K, 93% used [0x00000000d5f80000,0x00000000d5ff8020,0x00000000d6000000)
  to   space 512K, 0% used [0x00000000d6000000,0x00000000d6000000,0x00000000d6080000)
 ParOldGen       total 843776K, used 843274K [0x0000000080000000, 0x00000000b3800000, 0x00000000d5580000)
  object space 843776K, 99% used [0x0000000080000000,0x00000000b3782980,0x00000000b3800000)
 Metaspace       used 73126K, committed 74752K, reserved 1179648K
  class space    used 7669K, committed 8384K, reserved 1048576K
}
Event: 30009.336 GC heap before
{Heap before GC invocations=1339 (full 3):
 PSYoungGen      total 5632K, used 5600K [0x00000000d5580000, 0x00000000d6080000, 0x0000000100000000)
  eden space 5120K, 99% used [0x00000000d5580000,0x00000000d5a7ffe0,0x00000000d5a80000)
  from space 512K, 93% used [0x00000000d5f80000,0x00000000d5ff8020,0x00000000d6000000)
  to   space 512K, 0% used [0x00000000d6000000,0x00000000d6000000,0x00000000d6080000)
 ParOldGen       total 843776K, used 843274K [0x0000000080000000, 0x00000000b3800000, 0x00000000d5580000)
  object space 843776K, 99% used [0x0000000080000000,0x00000000b3782980,0x00000000b3800000)
 Metaspace       used 73208K, committed 74816K, reserved 1179648K
  class space    used 7672K, committed 8384K, reserved 1048576K
}
Event: 30009.343 GC heap after
{Heap after GC invocations=1339 (full 3):
 PSYoungGen      total 5632K, used 512K [0x00000000d5580000, 0x00000000d6080000, 0x0000000100000000)
  eden space 5120K, 0% used [0x00000000d5580000,0x00000000d5580000,0x00000000d5a80000)
  from space 512K, 100% used [0x00000000d6000000,0x00000000d6080000,0x00000000d6080000)
  to   space 1536K, 0% used [0x00000000d5d80000,0x00000000d5d80000,0x00000000d5f00000)
 ParOldGen       total 844288K, used 843854K [0x0000000080000000, 0x00000000b3880000, 0x00000000d5580000)
  object space 844288K, 99% used [0x0000000080000000,0x00000000b38139b0,0x00000000b3880000)
 Metaspace       used 73208K, committed 74816K, reserved 1179648K
  class space    used 7672K, committed 8384K, reserved 1048576K
}
Event: 30009.908 GC heap before
{Heap before GC invocations=1340 (full 3):
 PSYoungGen      total 5632K, used 5632K [0x00000000d5580000, 0x00000000d6080000, 0x0000000100000000)
  eden space 5120K, 100% used [0x00000000d5580000,0x00000000d5a80000,0x00000000d5a80000)
  from space 512K, 100% used [0x00000000d6000000,0x00000000d6080000,0x00000000d6080000)
  to   space 1536K, 0% used [0x00000000d5d80000,0x00000000d5d80000,0x00000000d5f00000)
 ParOldGen       total 844288K, used 843854K [0x0000000080000000, 0x00000000b3880000, 0x00000000d5580000)
  object space 844288K, 99% used [0x0000000080000000,0x00000000b38139b0,0x00000000b3880000)
 Metaspace       used 73316K, committed 74944K, reserved 1179648K
  class space    used 7674K, committed 8384K, reserved 1048576K
}
Event: 30009.916 GC heap after
{Heap after GC invocations=1340 (full 3):
 PSYoungGen      total 6656K, used 640K [0x00000000d5580000, 0x00000000d6080000, 0x0000000100000000)
  eden space 5120K, 0% used [0x00000000d5580000,0x00000000d5580000,0x00000000d5a80000)
  from space 1536K, 41% used [0x00000000d5d80000,0x00000000d5e20020,0x00000000d5f00000)
  to   space 1024K, 0% used [0x00000000d5f80000,0x00000000d5f80000,0x00000000d6080000)
 ParOldGen       total 844800K, used 844374K [0x0000000080000000, 0x00000000b3900000, 0x00000000d5580000)
  object space 844800K, 99% used [0x0000000080000000,0x00000000b38959b0,0x00000000b3900000)
 Metaspace       used 73316K, committed 74944K, reserved 1179648K
  class space    used 7674K, committed 8384K, reserved 1048576K
}
Event: 30011.060 GC heap before
{Heap before GC invocations=1341 (full 3):
 PSYoungGen      total 6656K, used 5760K [0x00000000d5580000, 0x00000000d6080000, 0x0000000100000000)
  eden space 5120K, 100% used [0x00000000d5580000,0x00000000d5a80000,0x00000000d5a80000)
  from space 1536K, 41% used [0x00000000d5d80000,0x00000000d5e20020,0x00000000d5f00000)
  to   space 1024K, 0% used [0x00000000d5f80000,0x00000000d5f80000,0x00000000d6080000)
 ParOldGen       total 844800K, used 844374K [0x0000000080000000, 0x00000000b3900000, 0x00000000d5580000)
  object space 844800K, 99% used [0x0000000080000000,0x00000000b38959b0,0x00000000b3900000)
 Metaspace       used 73845K, committed 75456K, reserved 1179648K
  class space    used 7675K, committed 8384K, reserved 1048576K
}
Event: 30011.069 GC heap after
{Heap after GC invocations=1341 (full 3):
 PSYoungGen      total 6144K, used 672K [0x00000000d5580000, 0x00000000d6080000, 0x0000000100000000)
  eden space 5120K, 0% used [0x00000000d5580000,0x00000000d5580000,0x00000000d5a80000)
  from space 1024K, 65% used [0x00000000d5f80000,0x00000000d6028000,0x00000000d6080000)
  to   space 1024K, 0% used [0x00000000d5e80000,0x00000000d5e80000,0x00000000d5f80000)
 ParOldGen       total 845312K, used 844938K [0x0000000080000000, 0x00000000b3980000, 0x00000000d5580000)
  object space 845312K, 99% used [0x0000000080000000,0x00000000b39229e0,0x00000000b3980000)
 Metaspace       used 73845K, committed 75456K, reserved 1179648K
  class space    used 7675K, committed 8384K, reserved 1048576K
}
Event: 30011.460 GC heap before
{Heap before GC invocations=1342 (full 3):
 PSYoungGen      total 6144K, used 5791K [0x00000000d5580000, 0x00000000d6080000, 0x0000000100000000)
  eden space 5120K, 99% used [0x00000000d5580000,0x00000000d5a7ff58,0x00000000d5a80000)
  from space 1024K, 65% used [0x00000000d5f80000,0x00000000d6028000,0x00000000d6080000)
  to   space 1024K, 0% used [0x00000000d5e80000,0x00000000d5e80000,0x00000000d5f80000)
 ParOldGen       total 845312K, used 844938K [0x0000000080000000, 0x00000000b3980000, 0x00000000d5580000)
  object space 845312K, 99% used [0x0000000080000000,0x00000000b39229e0,0x00000000b3980000)
 Metaspace       used 73934K, committed 75584K, reserved 1179648K
  class space    used 7675K, committed 8384K, reserved 1048576K
}
Event: 30011.465 GC heap after
{Heap after GC invocations=1342 (full 3):
 PSYoungGen      total 6144K, used 800K [0x00000000d5580000, 0x00000000d6000000, 0x0000000100000000)
  eden space 5120K, 0% used [0x00000000d5580000,0x00000000d5580000,0x00000000d5a80000)
  from space 1024K, 78% used [0x00000000d5e80000,0x00000000d5f48000,0x00000000d5f80000)
  to   space 512K, 0% used [0x00000000d5f80000,0x00000000d5f80000,0x00000000d6000000)
 ParOldGen       total 845824K, used 845558K [0x0000000080000000, 0x00000000b3a00000, 0x00000000d5580000)
  object space 845824K, 99% used [0x0000000080000000,0x00000000b39bda70,0x00000000b3a00000)
 Metaspace       used 73934K, committed 75584K, reserved 1179648K
  class space    used 7675K, committed 8384K, reserved 1048576K
}
Event: 30011.623 GC heap before
{Heap before GC invocations=1343 (full 3):
 PSYoungGen      total 6144K, used 5920K [0x00000000d5580000, 0x00000000d6000000, 0x0000000100000000)
  eden space 5120K, 100% used [0x00000000d5580000,0x00000000d5a80000,0x00000000d5a80000)
  from space 1024K, 78% used [0x00000000d5e80000,0x00000000d5f48000,0x00000000d5f80000)
  to   space 512K, 0% used [0x00000000d5f80000,0x00000000d5f80000,0x00000000d6000000)
 ParOldGen       total 845824K, used 845558K [0x0000000080000000, 0x00000000b3a00000, 0x00000000d5580000)
  object space 845824K, 99% used [0x0000000080000000,0x00000000b39bda70,0x00000000b3a00000)
 Metaspace       used 73934K, committed 75584K, reserved 1179648K
  class space    used 7675K, committed 8384K, reserved 1048576K
}
Event: 30011.630 GC heap after
{Heap after GC invocations=1343 (full 3):
 PSYoungGen      total 4096K, used 510K [0x00000000d5580000, 0x00000000d6780000, 0x0000000100000000)
  eden space 3584K, 0% used [0x00000000d5580000,0x00000000d5580000,0x00000000d5900000)
  from space 512K, 99% used [0x00000000d5f80000,0x00000000d5fff9b8,0x00000000d6000000)
  to   space 6656K, 0% used [0x00000000d5900000,0x00000000d5900000,0x00000000d5f80000)
 ParOldGen       total 850944K, used 850680K [0x0000000080000000, 0x00000000b3f00000, 0x00000000d5580000)
  object space 850944K, 99% used [0x0000000080000000,0x00000000b3ebe2c8,0x00000000b3f00000)
 Metaspace       used 73934K, committed 75584K, reserved 1179648K
  class space    used 7675K, committed 8384K, reserved 1048576K
}
Event: 30016.271 GC heap before
{Heap before GC invocations=1344 (full 3):
 PSYoungGen      total 4096K, used 4094K [0x00000000d5580000, 0x00000000d6780000, 0x0000000100000000)
  eden space 3584K, 100% used [0x00000000d5580000,0x00000000d5900000,0x00000000d5900000)
  from space 512K, 99% used [0x00000000d5f80000,0x00000000d5fff9b8,0x00000000d6000000)
  to   space 6656K, 0% used [0x00000000d5900000,0x00000000d5900000,0x00000000d5f80000)
 ParOldGen       total 850944K, used 850680K [0x0000000080000000, 0x00000000b3f00000, 0x00000000d5580000)
  object space 850944K, 99% used [0x0000000080000000,0x00000000b3ebe2c8,0x00000000b3f00000)
 Metaspace       used 73944K, committed 75584K, reserved 1179648K
  class space    used 7675K, committed 8384K, reserved 1048576K
}
Event: 30016.276 GC heap after
{Heap after GC invocations=1344 (full 3):
 PSYoungGen      total 6144K, used 2471K [0x00000000d5580000, 0x00000000d6100000, 0x0000000100000000)
  eden space 3584K, 0% used [0x00000000d5580000,0x00000000d5580000,0x00000000d5900000)
  from space 2560K, 96% used [0x00000000d5900000,0x00000000d5b69e30,0x00000000d5b80000)
  to   space 4096K, 0% used [0x00000000d5d00000,0x00000000d5d00000,0x00000000d6100000)
 ParOldGen       total 851456K, used 851191K [0x0000000080000000, 0x00000000b3f80000, 0x00000000d5580000)
  object space 851456K, 99% used [0x0000000080000000,0x00000000b3f3df98,0x00000000b3f80000)
 Metaspace       used 73944K, committed 75584K, reserved 1179648K
  class space    used 7675K, committed 8384K, reserved 1048576K
}
Event: 30016.488 GC heap before
{Heap before GC invocations=1345 (full 3):
 PSYoungGen      total 6144K, used 6055K [0x00000000d5580000, 0x00000000d6100000, 0x0000000100000000)
  eden space 3584K, 100% used [0x00000000d5580000,0x00000000d5900000,0x00000000d5900000)
  from space 2560K, 96% used [0x00000000d5900000,0x00000000d5b69e30,0x00000000d5b80000)
  to   space 4096K, 0% used [0x00000000d5d00000,0x00000000d5d00000,0x00000000d6100000)
 ParOldGen       total 851456K, used 851191K [0x0000000080000000, 0x00000000b3f80000, 0x00000000d5580000)
  object space 851456K, 99% used [0x0000000080000000,0x00000000b3f3df98,0x00000000b3f80000)
 Metaspace       used 73956K, committed 75584K, reserved 1179648K
  class space    used 7675K, committed 8384K, reserved 1048576K
}
Event: 30016.491 GC heap after
{Heap after GC invocations=1345 (full 3):
 PSYoungGen      total 4096K, used 208K [0x00000000d5580000, 0x00000000d5d80000, 0x0000000100000000)
  eden space 3584K, 0% used [0x00000000d5580000,0x00000000d5580000,0x00000000d5900000)
  from space 512K, 40% used [0x00000000d5d00000,0x00000000d5d34010,0x00000000d5d80000)
  to   space 1536K, 0% used [0x00000000d5a80000,0x00000000d5a80000,0x00000000d5c00000)
 ParOldGen       total 851968K, used 851575K [0x0000000080000000, 0x00000000b4000000, 0x00000000d5580000)
  object space 851968K, 99% used [0x0000000080000000,0x00000000b3f9df98,0x00000000b4000000)
 Metaspace       used 73956K, committed 75584K, reserved 1179648K
  class space    used 7675K, committed 8384K, reserved 1048576K
}
Event: 55573.899 GC heap before
{Heap before GC invocations=1346 (full 3):
 PSYoungGen      total 4096K, used 3792K [0x00000000d5580000, 0x00000000d5d80000, 0x0000000100000000)
  eden space 3584K, 99% used [0x00000000d5580000,0x00000000d58ffff8,0x00000000d5900000)
  from space 512K, 40% used [0x00000000d5d00000,0x00000000d5d34010,0x00000000d5d80000)
  to   space 1536K, 0% used [0x00000000d5a80000,0x00000000d5a80000,0x00000000d5c00000)
 ParOldGen       total 851968K, used 851575K [0x0000000080000000, 0x00000000b4000000, 0x00000000d5580000)
  object space 851968K, 99% used [0x0000000080000000,0x00000000b3f9df98,0x00000000b4000000)
 Metaspace       used 73971K, committed 75584K, reserved 1179648K
  class space    used 7677K, committed 8384K, reserved 1048576K
}
Event: 55574.698 GC heap after
{Heap after GC invocations=1346 (full 3):
 PSYoungGen      total 5120K, used 224K [0x00000000d5580000, 0x00000000d5d80000, 0x0000000100000000)
  eden space 3584K, 0% used [0x00000000d5580000,0x00000000d5580000,0x00000000d5900000)
  from space 1536K, 14% used [0x00000000d5a80000,0x00000000d5ab8020,0x00000000d5c00000)
  to   space 512K, 0% used [0x00000000d5d00000,0x00000000d5d00000,0x00000000d5d80000)
 ParOldGen       total 851968K, used 851671K [0x0000000080000000, 0x00000000b4000000, 0x00000000d5580000)
  object space 851968K, 99% used [0x0000000080000000,0x00000000b3fb5fa8,0x00000000b4000000)
 Metaspace       used 73971K, committed 75584K, reserved 1179648K
  class space    used 7677K, committed 8384K, reserved 1048576K
}

